<?xml version="1.0" ?>
<testsuites failures="0" name="TestXML" tests="1" time="1.003">
	<testsuite name="BoardContainer tests" failures="0"  tests="10" time="0">
		<testcase name="CreateBoardTest" time="0"></testcase>
		<testcase name="CreateBoardFailedTest" time="0"></testcase>
		<testcase name="IsInsideBoardTest" time="0"></testcase>
		<testcase name="IsInsideBoardFailedTest" time="0"></testcase>
		<testcase name="IsLegalMoveTest" time="0"></testcase>
		<testcase name="IsLegalMoveFailedTest" time="0"></testcase>
		<testcase name="MovesAvailableTest" time="0"></testcase>
		<testcase name="MovesAvailableFailedTest" time="0"></testcase>
		<testcase name="CountPiecesTest" time="0"></testcase>
		<testcase name="CountPiecesFailedTest" time="0"></testcase>
	</testsuite>

</testsuites>